{"uuid":"2d4dbe96-525b-4d06-ad2f-82032fb034c3","historyId":"ed42b3504289f019c0ea4c966f32b508","testCaseId":"ff401c714e28edd356748b78840f148a","fullName":"src/test/resources/features/ProductDetails.feature:4","labels":[{"name":"tag","value":"Details"},{"name":"host","value":"DESKTOP-JFFDUU0"},{"name":"thread","value":"18556@DESKTOP-JFFDUU0.main(1)"},{"name":"feature","value":"Product Details Page Validation and Interaction"},{"name":"story","value":"End-to-End Product Selection, Validation, Wishlist, and Cart Addition"},{"name":"suite","value":"Product Details Page Validation and Interaction"},{"name":"testClass","value":"End-to-End Product Selection, Validation, Wishlist, and Cart Addition"},{"name":"framework","value":"cucumber4jvm"},{"name":"language","value":"java"},{"name":"gherkin_uri","value":"file:///C:/Users/user/eclipse-workspace/com.UrbanLadder/src/test/resources/features/ProductDetails.feature"},{"name":"package","value":"src.test.resources.features.ProductDetails_feature.Product Details Page Validation and Interaction"}],"links":[],"name":"End-to-End Product Selection, Validation, Wishlist, and Cart Addition","status":"broken","statusDetails":{"known":false,"muted":false,"flaky":false,"message":"element click intercepted: Element <span class=\"small\">...</span> is not clickable at point (629, 525). Other element would receive the click: <div class=\"productbox\">...</div>\n  (Session info: chrome=134.0.6998.89)\nBuild info: version: '4.27.0', revision: 'd6e718d134'\nSystem info: os.name: 'Windows 11', os.arch: 'amd64', os.version: '10.0', java.version: '23.0.1'\nDriver info: org.openqa.selenium.chrome.ChromeDriver\nCommand: [285e39d22210631c7ab72039d5dc4219, clickElement {id=f.008218F973E62C2125A00AEFB2ACB143.d.8D91C057477EC3A026D1335A63704640.e.635}]\nCapabilities {acceptInsecureCerts: false, browserName: chrome, browserVersion: 134.0.6998.89, chrome: {chromedriverVersion: 134.0.6998.88 (7e3d5c978c6d..., userDataDir: C:\\Users\\user\\AppData\\Local...}, fedcm:accounts: true, goog:chromeOptions: {debuggerAddress: localhost:57426}, networkConnectionEnabled: false, pageLoadStrategy: normal, platformName: windows, proxy: Proxy(), se:cdp: ws://localhost:57426/devtoo..., se:cdpVersion: 134.0.6998.89, setWindowRect: true, strictFileInteractability: false, timeouts: {implicit: 0, pageLoad: 300000, script: 30000}, unhandledPromptBehavior: dismiss and notify, webauthn:extension:credBlob: true, webauthn:extension:largeBlob: true, webauthn:extension:minPinLength: true, webauthn:extension:prf: true, webauthn:virtualAuthenticators: true}\nElement: [[ChromeDriver: chrome on windows (285e39d22210631c7ab72039d5dc4219)] -> xpath: //span[normalize-space(text())='Esquel Sofa']/following-sibling::span[normalize-space(text())='(Ochre)']]\nSession ID: 285e39d22210631c7ab72039d5dc4219","trace":"org.openqa.selenium.ElementClickInterceptedException: element click intercepted: Element <span class=\"small\">...</span> is not clickable at point (629, 525). Other element would receive the click: <div class=\"productbox\">...</div>\n  (Session info: chrome=134.0.6998.89)\nBuild info: version: '4.27.0', revision: 'd6e718d134'\nSystem info: os.name: 'Windows 11', os.arch: 'amd64', os.version: '10.0', java.version: '23.0.1'\nDriver info: org.openqa.selenium.chrome.ChromeDriver\nCommand: [285e39d22210631c7ab72039d5dc4219, clickElement {id=f.008218F973E62C2125A00AEFB2ACB143.d.8D91C057477EC3A026D1335A63704640.e.635}]\nCapabilities {acceptInsecureCerts: false, browserName: chrome, browserVersion: 134.0.6998.89, chrome: {chromedriverVersion: 134.0.6998.88 (7e3d5c978c6d..., userDataDir: C:\\Users\\user\\AppData\\Local...}, fedcm:accounts: true, goog:chromeOptions: {debuggerAddress: localhost:57426}, networkConnectionEnabled: false, pageLoadStrategy: normal, platformName: windows, proxy: Proxy(), se:cdp: ws://localhost:57426/devtoo..., se:cdpVersion: 134.0.6998.89, setWindowRect: true, strictFileInteractability: false, timeouts: {implicit: 0, pageLoad: 300000, script: 30000}, unhandledPromptBehavior: dismiss and notify, webauthn:extension:credBlob: true, webauthn:extension:largeBlob: true, webauthn:extension:minPinLength: true, webauthn:extension:prf: true, webauthn:virtualAuthenticators: true}\nElement: [[ChromeDriver: chrome on windows (285e39d22210631c7ab72039d5dc4219)] -> xpath: //span[normalize-space(text())='Esquel Sofa']/following-sibling::span[normalize-space(text())='(Ochre)']]\nSession ID: 285e39d22210631c7ab72039d5dc4219\r\n\tat java.base/jdk.internal.reflect.DirectConstructorHandleAccessor.newInstance(DirectConstructorHandleAccessor.java:62)\r\n\tat java.base/java.lang.reflect.Constructor.newInstanceWithCaller(Constructor.java:501)\r\n\tat java.base/java.lang.reflect.Constructor.newInstance(Constructor.java:485)\r\n\tat org.openqa.selenium.remote.ErrorCodec.decode(ErrorCodec.java:167)\r\n\tat org.openqa.selenium.remote.codec.w3c.W3CHttpResponseCodec.decode(W3CHttpResponseCodec.java:138)\r\n\tat org.openqa.selenium.remote.codec.w3c.W3CHttpResponseCodec.decode(W3CHttpResponseCodec.java:50)\r\n\tat org.openqa.selenium.remote.HttpCommandExecutor.execute(HttpCommandExecutor.java:190)\r\n\tat org.openqa.selenium.remote.service.DriverCommandExecutor.invokeExecute(DriverCommandExecutor.java:216)\r\n\tat org.openqa.selenium.remote.service.DriverCommandExecutor.execute(DriverCommandExecutor.java:174)\r\n\tat org.openqa.selenium.remote.RemoteWebDriver.execute(RemoteWebDriver.java:545)\r\n\tat org.openqa.selenium.remote.RemoteWebElement.execute(RemoteWebElement.java:223)\r\n\tat org.openqa.selenium.remote.RemoteWebElement.click(RemoteWebElement.java:76)\r\n\tat com.urbanladder.Pages.ProductDetailPage.findAndClickProduct(ProductDetailPage.java:42)\r\n\tat com.urbanladder.StepDefinition.ProductDetailStepDef.i_find_and_click_on(ProductDetailStepDef.java:28)\r\n\tat ✽.I find and click on \"Esquel Sofa\"(file:///C:/Users/user/eclipse-workspace/com.UrbanLadder/src/test/resources/features/ProductDetails.feature:6)\r\n"},"stage":"finished","steps":[{"name":"When I find and click on \"Esquel Sofa\"","status":"broken","statusDetails":{"known":false,"muted":false,"flaky":false,"message":"element click intercepted: Element <span class=\"small\">...</span> is not clickable at point (629, 525). Other element would receive the click: <div class=\"productbox\">...</div>\n  (Session info: chrome=134.0.6998.89)\nBuild info: version: '4.27.0', revision: 'd6e718d134'\nSystem info: os.name: 'Windows 11', os.arch: 'amd64', os.version: '10.0', java.version: '23.0.1'\nDriver info: org.openqa.selenium.chrome.ChromeDriver\nCommand: [285e39d22210631c7ab72039d5dc4219, clickElement {id=f.008218F973E62C2125A00AEFB2ACB143.d.8D91C057477EC3A026D1335A63704640.e.635}]\nCapabilities {acceptInsecureCerts: false, browserName: chrome, browserVersion: 134.0.6998.89, chrome: {chromedriverVersion: 134.0.6998.88 (7e3d5c978c6d..., userDataDir: C:\\Users\\user\\AppData\\Local...}, fedcm:accounts: true, goog:chromeOptions: {debuggerAddress: localhost:57426}, networkConnectionEnabled: false, pageLoadStrategy: normal, platformName: windows, proxy: Proxy(), se:cdp: ws://localhost:57426/devtoo..., se:cdpVersion: 134.0.6998.89, setWindowRect: true, strictFileInteractability: false, timeouts: {implicit: 0, pageLoad: 300000, script: 30000}, unhandledPromptBehavior: dismiss and notify, webauthn:extension:credBlob: true, webauthn:extension:largeBlob: true, webauthn:extension:minPinLength: true, webauthn:extension:prf: true, webauthn:virtualAuthenticators: true}\nElement: [[ChromeDriver: chrome on windows (285e39d22210631c7ab72039d5dc4219)] -> xpath: //span[normalize-space(text())='Esquel Sofa']/following-sibling::span[normalize-space(text())='(Ochre)']]\nSession ID: 285e39d22210631c7ab72039d5dc4219","trace":"org.openqa.selenium.ElementClickInterceptedException: element click intercepted: Element <span class=\"small\">...</span> is not clickable at point (629, 525). Other element would receive the click: <div class=\"productbox\">...</div>\n  (Session info: chrome=134.0.6998.89)\nBuild info: version: '4.27.0', revision: 'd6e718d134'\nSystem info: os.name: 'Windows 11', os.arch: 'amd64', os.version: '10.0', java.version: '23.0.1'\nDriver info: org.openqa.selenium.chrome.ChromeDriver\nCommand: [285e39d22210631c7ab72039d5dc4219, clickElement {id=f.008218F973E62C2125A00AEFB2ACB143.d.8D91C057477EC3A026D1335A63704640.e.635}]\nCapabilities {acceptInsecureCerts: false, browserName: chrome, browserVersion: 134.0.6998.89, chrome: {chromedriverVersion: 134.0.6998.88 (7e3d5c978c6d..., userDataDir: C:\\Users\\user\\AppData\\Local...}, fedcm:accounts: true, goog:chromeOptions: {debuggerAddress: localhost:57426}, networkConnectionEnabled: false, pageLoadStrategy: normal, platformName: windows, proxy: Proxy(), se:cdp: ws://localhost:57426/devtoo..., se:cdpVersion: 134.0.6998.89, setWindowRect: true, strictFileInteractability: false, timeouts: {implicit: 0, pageLoad: 300000, script: 30000}, unhandledPromptBehavior: dismiss and notify, webauthn:extension:credBlob: true, webauthn:extension:largeBlob: true, webauthn:extension:minPinLength: true, webauthn:extension:prf: true, webauthn:virtualAuthenticators: true}\nElement: [[ChromeDriver: chrome on windows (285e39d22210631c7ab72039d5dc4219)] -> xpath: //span[normalize-space(text())='Esquel Sofa']/following-sibling::span[normalize-space(text())='(Ochre)']]\nSession ID: 285e39d22210631c7ab72039d5dc4219\r\n\tat java.base/jdk.internal.reflect.DirectConstructorHandleAccessor.newInstance(DirectConstructorHandleAccessor.java:62)\r\n\tat java.base/java.lang.reflect.Constructor.newInstanceWithCaller(Constructor.java:501)\r\n\tat java.base/java.lang.reflect.Constructor.newInstance(Constructor.java:485)\r\n\tat org.openqa.selenium.remote.ErrorCodec.decode(ErrorCodec.java:167)\r\n\tat org.openqa.selenium.remote.codec.w3c.W3CHttpResponseCodec.decode(W3CHttpResponseCodec.java:138)\r\n\tat org.openqa.selenium.remote.codec.w3c.W3CHttpResponseCodec.decode(W3CHttpResponseCodec.java:50)\r\n\tat org.openqa.selenium.remote.HttpCommandExecutor.execute(HttpCommandExecutor.java:190)\r\n\tat org.openqa.selenium.remote.service.DriverCommandExecutor.invokeExecute(DriverCommandExecutor.java:216)\r\n\tat org.openqa.selenium.remote.service.DriverCommandExecutor.execute(DriverCommandExecutor.java:174)\r\n\tat org.openqa.selenium.remote.RemoteWebDriver.execute(RemoteWebDriver.java:545)\r\n\tat org.openqa.selenium.remote.RemoteWebElement.execute(RemoteWebElement.java:223)\r\n\tat org.openqa.selenium.remote.RemoteWebElement.click(RemoteWebElement.java:76)\r\n\tat com.urbanladder.Pages.ProductDetailPage.findAndClickProduct(ProductDetailPage.java:42)\r\n\tat com.urbanladder.StepDefinition.ProductDetailStepDef.i_find_and_click_on(ProductDetailStepDef.java:28)\r\n\tat ✽.I find and click on \"Esquel Sofa\"(file:///C:/Users/user/eclipse-workspace/com.UrbanLadder/src/test/resources/features/ProductDetails.feature:6)\r\n"},"stage":"finished","steps":[],"attachments":[],"parameters":[],"start":1742279887065,"stop":1742279888936},{"name":"Then I validate the product title","status":"skipped","statusDetails":{"known":false,"muted":false,"flaky":false},"stage":"finished","steps":[],"attachments":[],"parameters":[],"start":1742279888938,"stop":1742279888938},{"name":"And I check if \"Esquel Sofa\" is sold out","status":"skipped","statusDetails":{"known":false,"muted":false,"flaky":false},"stage":"finished","steps":[],"attachments":[],"parameters":[],"start":1742279888938,"stop":1742279888938},{"name":"Then I validate the product description","status":"skipped","statusDetails":{"known":false,"muted":false,"flaky":false},"stage":"finished","steps":[],"attachments":[],"parameters":[],"start":1742279888938,"stop":1742279888938},{"name":"And I validate the product price","status":"skipped","statusDetails":{"known":false,"muted":false,"flaky":false},"stage":"finished","steps":[],"attachments":[],"parameters":[],"start":1742279888938,"stop":1742279888938},{"name":"When I click on the wishlist icon","status":"skipped","statusDetails":{"known":false,"muted":false,"flaky":false},"stage":"finished","steps":[],"attachments":[],"parameters":[],"start":1742279888938,"stop":1742279888938},{"name":"And I navigate to the wishlist page","status":"skipped","statusDetails":{"known":false,"muted":false,"flaky":false},"stage":"finished","steps":[],"attachments":[],"parameters":[],"start":1742279888938,"stop":1742279888938},{"name":"Then I validate that \"Esquel Sofa\" is added to the wishlist","status":"skipped","statusDetails":{"known":false,"muted":false,"flaky":false},"stage":"finished","steps":[],"attachments":[],"parameters":[],"start":1742279888938,"stop":1742279888938},{"name":"And I click on the product from the wishlist","status":"skipped","statusDetails":{"known":false,"muted":false,"flaky":false},"stage":"finished","steps":[],"attachments":[],"parameters":[],"start":1742279888938,"stop":1742279888938},{"name":"When I click on the \"Add to Cart\" button","status":"skipped","statusDetails":{"known":false,"muted":false,"flaky":false},"stage":"finished","steps":[],"attachments":[],"parameters":[],"start":1742279888938,"stop":1742279888941},{"name":"Then I validate that \"Esquel Sofa\" is added to the cart","status":"skipped","statusDetails":{"known":false,"muted":false,"flaky":false},"stage":"finished","steps":[],"attachments":[],"parameters":[],"start":1742279888941,"stop":1742279888941}],"attachments":[],"parameters":[],"start":1742279887062,"stop":1742279889106}