{"uuid":"55a29fbe-e06b-4d35-b335-4d6e0f716ec2","historyId":"ecb6265fe78153580b5d41767d7d999a","testCaseId":"6f9e80ae35558b93704ced1f0993f68a","fullName":"src/test/resources/features/ShoppingCart.feature:4","labels":[{"name":"tag","value":"cart"},{"name":"host","value":"DESKTOP-JFFDUU0"},{"name":"thread","value":"24852@DESKTOP-JFFDUU0.main(1)"},{"name":"feature","value":"Shopping Cart functionality"},{"name":"story","value":"Add items to cart, update quantity, remove item, and proceed to checkout"},{"name":"suite","value":"Shopping Cart functionality"},{"name":"testClass","value":"Add items to cart, update quantity, remove item, and proceed to checkout"},{"name":"framework","value":"cucumber4jvm"},{"name":"language","value":"java"},{"name":"gherkin_uri","value":"file:///C:/Users/user/eclipse-workspace/com.UrbanLadder/src/test/resources/features/ShoppingCart.feature"},{"name":"package","value":"src.test.resources.features.ShoppingCart_feature.Shopping Cart functionality"}],"links":[],"name":"Add items to cart, update quantity, remove item, and proceed to checkout","status":"broken","statusDetails":{"known":false,"muted":false,"flaky":false,"message":"stale element reference: stale element not found\n  (Session info: chrome=134.0.6998.89)\nFor documentation on this error, please visit: https://www.selenium.dev/documentation/webdriver/troubleshooting/errors#stale-element-reference-exception\nBuild info: version: '4.27.0', revision: 'd6e718d134'\nSystem info: os.name: 'Windows 11', os.arch: 'amd64', os.version: '10.0', java.version: '23.0.1'\nDriver info: org.openqa.selenium.chrome.ChromeDriver\nCommand: [3a7d78b58bfee912d503ffe40ef8fdb8, findChildElements {using=tag name, id=f.C721ECD4BCC94741FBF1FFACD91E884B.d.E995140D41838D405A5AA1C162C58E4D.e.868, value=option}]\nCapabilities {acceptInsecureCerts: false, browserName: chrome, browserVersion: 134.0.6998.89, chrome: {chromedriverVersion: 134.0.6998.88 (7e3d5c978c6d..., userDataDir: C:\\Users\\user\\AppData\\Local...}, fedcm:accounts: true, goog:chromeOptions: {debuggerAddress: localhost:50933}, networkConnectionEnabled: false, pageLoadStrategy: normal, platformName: windows, proxy: Proxy(), se:cdp: ws://localhost:50933/devtoo..., se:cdpVersion: 134.0.6998.89, setWindowRect: true, strictFileInteractability: false, timeouts: {implicit: 0, pageLoad: 300000, script: 30000}, unhandledPromptBehavior: dismiss and notify, webauthn:extension:credBlob: true, webauthn:extension:largeBlob: true, webauthn:extension:minPinLength: true, webauthn:extension:prf: true, webauthn:virtualAuthenticators: true}\nSession ID: 3a7d78b58bfee912d503ffe40ef8fdb8","trace":"org.openqa.selenium.StaleElementReferenceException: stale element reference: stale element not found\n  (Session info: chrome=134.0.6998.89)\nFor documentation on this error, please visit: https://www.selenium.dev/documentation/webdriver/troubleshooting/errors#stale-element-reference-exception\nBuild info: version: '4.27.0', revision: 'd6e718d134'\nSystem info: os.name: 'Windows 11', os.arch: 'amd64', os.version: '10.0', java.version: '23.0.1'\nDriver info: org.openqa.selenium.chrome.ChromeDriver\nCommand: [3a7d78b58bfee912d503ffe40ef8fdb8, findChildElements {using=tag name, id=f.C721ECD4BCC94741FBF1FFACD91E884B.d.E995140D41838D405A5AA1C162C58E4D.e.868, value=option}]\nCapabilities {acceptInsecureCerts: false, browserName: chrome, browserVersion: 134.0.6998.89, chrome: {chromedriverVersion: 134.0.6998.88 (7e3d5c978c6d..., userDataDir: C:\\Users\\user\\AppData\\Local...}, fedcm:accounts: true, goog:chromeOptions: {debuggerAddress: localhost:50933}, networkConnectionEnabled: false, pageLoadStrategy: normal, platformName: windows, proxy: Proxy(), se:cdp: ws://localhost:50933/devtoo..., se:cdpVersion: 134.0.6998.89, setWindowRect: true, strictFileInteractability: false, timeouts: {implicit: 0, pageLoad: 300000, script: 30000}, unhandledPromptBehavior: dismiss and notify, webauthn:extension:credBlob: true, webauthn:extension:largeBlob: true, webauthn:extension:minPinLength: true, webauthn:extension:prf: true, webauthn:virtualAuthenticators: true}\nSession ID: 3a7d78b58bfee912d503ffe40ef8fdb8\r\n\tat java.base/jdk.internal.reflect.DirectConstructorHandleAccessor.newInstance(DirectConstructorHandleAccessor.java:62)\r\n\tat java.base/java.lang.reflect.Constructor.newInstanceWithCaller(Constructor.java:501)\r\n\tat java.base/java.lang.reflect.Constructor.newInstance(Constructor.java:485)\r\n\tat org.openqa.selenium.remote.ErrorCodec.decode(ErrorCodec.java:167)\r\n\tat org.openqa.selenium.remote.codec.w3c.W3CHttpResponseCodec.decode(W3CHttpResponseCodec.java:138)\r\n\tat org.openqa.selenium.remote.codec.w3c.W3CHttpResponseCodec.decode(W3CHttpResponseCodec.java:50)\r\n\tat org.openqa.selenium.remote.HttpCommandExecutor.execute(HttpCommandExecutor.java:190)\r\n\tat org.openqa.selenium.remote.service.DriverCommandExecutor.invokeExecute(DriverCommandExecutor.java:216)\r\n\tat org.openqa.selenium.remote.service.DriverCommandExecutor.execute(DriverCommandExecutor.java:174)\r\n\tat org.openqa.selenium.remote.RemoteWebDriver.execute(RemoteWebDriver.java:545)\r\n\tat org.openqa.selenium.remote.ElementLocation$ElementFinder$2.findElements(ElementLocation.java:182)\r\n\tat org.openqa.selenium.remote.ElementLocation.findElements(ElementLocation.java:103)\r\n\tat org.openqa.selenium.remote.RemoteWebDriver.findElements(RemoteWebDriver.java:381)\r\n\tat org.openqa.selenium.remote.RemoteWebElement.findElements(RemoteWebElement.java:203)\r\n\tat org.openqa.selenium.support.ui.Select.getOptions(Select.java:90)\r\n\tat org.openqa.selenium.support.ui.Select.getFirstSelectedOption(Select.java:108)\r\n\tat com.urbanladder.Pages.ShoppingCartPage.updateQuantity(ShoppingCartPage.java:45)\r\n\tat com.urbanladder.StepDefinition.ShoppingCartStepDef.i_update_the_quantity_of_the_product_to(ShoppingCartStepDef.java:33)\r\n\tat ✽.I update the quantity of the product to \"2\"(file:///C:/Users/user/eclipse-workspace/com.UrbanLadder/src/test/resources/features/ShoppingCart.feature:6)\r\n"},"stage":"finished","steps":[{"name":"Given I am on the shopping cart page","status":"passed","statusDetails":{"known":false,"muted":false,"flaky":false},"stage":"finished","steps":[],"attachments":[],"parameters":[],"start":1742270189346,"stop":1742270189349},{"name":"When I update the quantity of the product to \"2\"","status":"broken","statusDetails":{"known":false,"muted":false,"flaky":false,"message":"stale element reference: stale element not found\n  (Session info: chrome=134.0.6998.89)\nFor documentation on this error, please visit: https://www.selenium.dev/documentation/webdriver/troubleshooting/errors#stale-element-reference-exception\nBuild info: version: '4.27.0', revision: 'd6e718d134'\nSystem info: os.name: 'Windows 11', os.arch: 'amd64', os.version: '10.0', java.version: '23.0.1'\nDriver info: org.openqa.selenium.chrome.ChromeDriver\nCommand: [3a7d78b58bfee912d503ffe40ef8fdb8, findChildElements {using=tag name, id=f.C721ECD4BCC94741FBF1FFACD91E884B.d.E995140D41838D405A5AA1C162C58E4D.e.868, value=option}]\nCapabilities {acceptInsecureCerts: false, browserName: chrome, browserVersion: 134.0.6998.89, chrome: {chromedriverVersion: 134.0.6998.88 (7e3d5c978c6d..., userDataDir: C:\\Users\\user\\AppData\\Local...}, fedcm:accounts: true, goog:chromeOptions: {debuggerAddress: localhost:50933}, networkConnectionEnabled: false, pageLoadStrategy: normal, platformName: windows, proxy: Proxy(), se:cdp: ws://localhost:50933/devtoo..., se:cdpVersion: 134.0.6998.89, setWindowRect: true, strictFileInteractability: false, timeouts: {implicit: 0, pageLoad: 300000, script: 30000}, unhandledPromptBehavior: dismiss and notify, webauthn:extension:credBlob: true, webauthn:extension:largeBlob: true, webauthn:extension:minPinLength: true, webauthn:extension:prf: true, webauthn:virtualAuthenticators: true}\nSession ID: 3a7d78b58bfee912d503ffe40ef8fdb8","trace":"org.openqa.selenium.StaleElementReferenceException: stale element reference: stale element not found\n  (Session info: chrome=134.0.6998.89)\nFor documentation on this error, please visit: https://www.selenium.dev/documentation/webdriver/troubleshooting/errors#stale-element-reference-exception\nBuild info: version: '4.27.0', revision: 'd6e718d134'\nSystem info: os.name: 'Windows 11', os.arch: 'amd64', os.version: '10.0', java.version: '23.0.1'\nDriver info: org.openqa.selenium.chrome.ChromeDriver\nCommand: [3a7d78b58bfee912d503ffe40ef8fdb8, findChildElements {using=tag name, id=f.C721ECD4BCC94741FBF1FFACD91E884B.d.E995140D41838D405A5AA1C162C58E4D.e.868, value=option}]\nCapabilities {acceptInsecureCerts: false, browserName: chrome, browserVersion: 134.0.6998.89, chrome: {chromedriverVersion: 134.0.6998.88 (7e3d5c978c6d..., userDataDir: C:\\Users\\user\\AppData\\Local...}, fedcm:accounts: true, goog:chromeOptions: {debuggerAddress: localhost:50933}, networkConnectionEnabled: false, pageLoadStrategy: normal, platformName: windows, proxy: Proxy(), se:cdp: ws://localhost:50933/devtoo..., se:cdpVersion: 134.0.6998.89, setWindowRect: true, strictFileInteractability: false, timeouts: {implicit: 0, pageLoad: 300000, script: 30000}, unhandledPromptBehavior: dismiss and notify, webauthn:extension:credBlob: true, webauthn:extension:largeBlob: true, webauthn:extension:minPinLength: true, webauthn:extension:prf: true, webauthn:virtualAuthenticators: true}\nSession ID: 3a7d78b58bfee912d503ffe40ef8fdb8\r\n\tat java.base/jdk.internal.reflect.DirectConstructorHandleAccessor.newInstance(DirectConstructorHandleAccessor.java:62)\r\n\tat java.base/java.lang.reflect.Constructor.newInstanceWithCaller(Constructor.java:501)\r\n\tat java.base/java.lang.reflect.Constructor.newInstance(Constructor.java:485)\r\n\tat org.openqa.selenium.remote.ErrorCodec.decode(ErrorCodec.java:167)\r\n\tat org.openqa.selenium.remote.codec.w3c.W3CHttpResponseCodec.decode(W3CHttpResponseCodec.java:138)\r\n\tat org.openqa.selenium.remote.codec.w3c.W3CHttpResponseCodec.decode(W3CHttpResponseCodec.java:50)\r\n\tat org.openqa.selenium.remote.HttpCommandExecutor.execute(HttpCommandExecutor.java:190)\r\n\tat org.openqa.selenium.remote.service.DriverCommandExecutor.invokeExecute(DriverCommandExecutor.java:216)\r\n\tat org.openqa.selenium.remote.service.DriverCommandExecutor.execute(DriverCommandExecutor.java:174)\r\n\tat org.openqa.selenium.remote.RemoteWebDriver.execute(RemoteWebDriver.java:545)\r\n\tat org.openqa.selenium.remote.ElementLocation$ElementFinder$2.findElements(ElementLocation.java:182)\r\n\tat org.openqa.selenium.remote.ElementLocation.findElements(ElementLocation.java:103)\r\n\tat org.openqa.selenium.remote.RemoteWebDriver.findElements(RemoteWebDriver.java:381)\r\n\tat org.openqa.selenium.remote.RemoteWebElement.findElements(RemoteWebElement.java:203)\r\n\tat org.openqa.selenium.support.ui.Select.getOptions(Select.java:90)\r\n\tat org.openqa.selenium.support.ui.Select.getFirstSelectedOption(Select.java:108)\r\n\tat com.urbanladder.Pages.ShoppingCartPage.updateQuantity(ShoppingCartPage.java:45)\r\n\tat com.urbanladder.StepDefinition.ShoppingCartStepDef.i_update_the_quantity_of_the_product_to(ShoppingCartStepDef.java:33)\r\n\tat ✽.I update the quantity of the product to \"2\"(file:///C:/Users/user/eclipse-workspace/com.UrbanLadder/src/test/resources/features/ShoppingCart.feature:6)\r\n"},"stage":"finished","steps":[],"attachments":[],"parameters":[],"start":1742270189349,"stop":1742270193304},{"name":"Then the quantity should be updated in the cart","status":"skipped","statusDetails":{"known":false,"muted":false,"flaky":false},"stage":"finished","steps":[],"attachments":[],"parameters":[],"start":1742270193305,"stop":1742270193306},{"name":"When I remove the product from the cart","status":"skipped","statusDetails":{"known":false,"muted":false,"flaky":false},"stage":"finished","steps":[],"attachments":[],"parameters":[],"start":1742270193306,"stop":1742270193307},{"name":"Then the cart should be empty","status":"skipped","statusDetails":{"known":false,"muted":false,"flaky":false},"stage":"finished","steps":[],"attachments":[],"parameters":[],"start":1742270193307,"stop":1742270193307},{"name":"When I navigate to the Wishlist page","status":"skipped","statusDetails":{"known":false,"muted":false,"flaky":false},"stage":"finished","steps":[],"attachments":[],"parameters":[],"start":1742270193307,"stop":1742270193308},{"name":"And I select a product from the Wishlist","status":"skipped","statusDetails":{"known":false,"muted":false,"flaky":false},"stage":"finished","steps":[],"attachments":[],"parameters":[],"start":1742270193308,"stop":1742270193309},{"name":"And I add the product to the cart again","status":"skipped","statusDetails":{"known":false,"muted":false,"flaky":false},"stage":"finished","steps":[],"attachments":[],"parameters":[],"start":1742270193310,"stop":1742270193310},{"name":"And I click on the checkout button","status":"skipped","statusDetails":{"known":false,"muted":false,"flaky":false},"stage":"finished","steps":[],"attachments":[],"parameters":[],"start":1742270193311,"stop":1742270193311},{"name":"Then the message Product Purchased should be displayed","status":"skipped","statusDetails":{"known":false,"muted":false,"flaky":false},"stage":"finished","steps":[],"attachments":[],"parameters":[],"start":1742270193311,"stop":1742270193311}],"attachments":[],"parameters":[],"start":1742270189339,"stop":1742270193467}