{"uuid":"5bedf4e3-2ab6-46fe-8b8d-c9c6104a4451","historyId":"7679e8f9dbd9658d9cfce4e73d0d47e3","testCaseId":"6cbb33532ff6751a349e4eba541d178e","fullName":"src/test/resources/features/productDetails.feature:61","labels":[{"name":"tag","value":"Details"},{"name":"host","value":"DESKTOP-JFFDUU0"},{"name":"thread","value":"6808@DESKTOP-JFFDUU0.main(1)"},{"name":"feature","value":"Product Details Page Validation and Interaction"},{"name":"story","value":"End-to-End Product Selection, Validation, Wishlist, and Cart Addition"},{"name":"suite","value":"Product Details Page Validation and Interaction"},{"name":"testClass","value":"End-to-End Product Selection, Validation, Wishlist, and Cart Addition"},{"name":"framework","value":"cucumber4jvm"},{"name":"language","value":"java"},{"name":"gherkin_uri","value":"file:///C:/Users/user/eclipse-workspace/com.UrbanLadder/src/test/resources/features/productDetails.feature"},{"name":"package","value":"src.test.resources.features.productDetails_feature.Product Details Page Validation and Interaction"}],"links":[],"name":"End-to-End Product Selection, Validation, Wishlist, and Cart Addition","status":"broken","statusDetails":{"known":false,"muted":false,"flaky":false,"message":"stale element reference: stale element not found in the current frame\n  (Session info: chrome=134.0.6998.89)\nFor documentation on this error, please visit: https://www.selenium.dev/documentation/webdriver/troubleshooting/errors#stale-element-reference-exception\nBuild info: version: '4.27.0', revision: 'd6e718d134'\nSystem info: os.name: 'Windows 11', os.arch: 'amd64', os.version: '10.0', java.version: '23.0.1'\nDriver info: org.openqa.selenium.chrome.ChromeDriver\nCommand: [4eb5945c6a4b11b3876be3e5ec2847f2, clickElement {id=f.163A07B74F217DB89CFF45853427D43A.d.2E5DCE7AC7321208792CB0ACACD1C231.e.139}]\nCapabilities {acceptInsecureCerts: false, browserName: chrome, browserVersion: 134.0.6998.89, chrome: {chromedriverVersion: 134.0.6998.88 (7e3d5c978c6d..., userDataDir: C:\\Users\\user\\AppData\\Local...}, fedcm:accounts: true, goog:chromeOptions: {debuggerAddress: localhost:51977}, networkConnectionEnabled: false, pageLoadStrategy: normal, platformName: windows, proxy: Proxy(), se:cdp: ws://localhost:51977/devtoo..., se:cdpVersion: 134.0.6998.89, setWindowRect: true, strictFileInteractability: false, timeouts: {implicit: 0, pageLoad: 300000, script: 30000}, unhandledPromptBehavior: dismiss and notify, webauthn:extension:credBlob: true, webauthn:extension:largeBlob: true, webauthn:extension:minPinLength: true, webauthn:extension:prf: true, webauthn:virtualAuthenticators: true}\nElement: [[ChromeDriver: chrome on windows (4eb5945c6a4b11b3876be3e5ec2847f2)] -> xpath: //div[contains(@class, 'product-title')]//span[@class='name' and contains(text(), 'Esquel Sofa')]/following-sibling::span[contains(text(), '(Ochre)')]]\nSession ID: 4eb5945c6a4b11b3876be3e5ec2847f2","trace":"org.openqa.selenium.StaleElementReferenceException: stale element reference: stale element not found in the current frame\n  (Session info: chrome=134.0.6998.89)\nFor documentation on this error, please visit: https://www.selenium.dev/documentation/webdriver/troubleshooting/errors#stale-element-reference-exception\nBuild info: version: '4.27.0', revision: 'd6e718d134'\nSystem info: os.name: 'Windows 11', os.arch: 'amd64', os.version: '10.0', java.version: '23.0.1'\nDriver info: org.openqa.selenium.chrome.ChromeDriver\nCommand: [4eb5945c6a4b11b3876be3e5ec2847f2, clickElement {id=f.163A07B74F217DB89CFF45853427D43A.d.2E5DCE7AC7321208792CB0ACACD1C231.e.139}]\nCapabilities {acceptInsecureCerts: false, browserName: chrome, browserVersion: 134.0.6998.89, chrome: {chromedriverVersion: 134.0.6998.88 (7e3d5c978c6d..., userDataDir: C:\\Users\\user\\AppData\\Local...}, fedcm:accounts: true, goog:chromeOptions: {debuggerAddress: localhost:51977}, networkConnectionEnabled: false, pageLoadStrategy: normal, platformName: windows, proxy: Proxy(), se:cdp: ws://localhost:51977/devtoo..., se:cdpVersion: 134.0.6998.89, setWindowRect: true, strictFileInteractability: false, timeouts: {implicit: 0, pageLoad: 300000, script: 30000}, unhandledPromptBehavior: dismiss and notify, webauthn:extension:credBlob: true, webauthn:extension:largeBlob: true, webauthn:extension:minPinLength: true, webauthn:extension:prf: true, webauthn:virtualAuthenticators: true}\nElement: [[ChromeDriver: chrome on windows (4eb5945c6a4b11b3876be3e5ec2847f2)] -> xpath: //div[contains(@class, 'product-title')]//span[@class='name' and contains(text(), 'Esquel Sofa')]/following-sibling::span[contains(text(), '(Ochre)')]]\nSession ID: 4eb5945c6a4b11b3876be3e5ec2847f2\r\n\tat java.base/jdk.internal.reflect.DirectConstructorHandleAccessor.newInstance(DirectConstructorHandleAccessor.java:62)\r\n\tat java.base/java.lang.reflect.Constructor.newInstanceWithCaller(Constructor.java:501)\r\n\tat java.base/java.lang.reflect.Constructor.newInstance(Constructor.java:485)\r\n\tat org.openqa.selenium.remote.ErrorCodec.decode(ErrorCodec.java:167)\r\n\tat org.openqa.selenium.remote.codec.w3c.W3CHttpResponseCodec.decode(W3CHttpResponseCodec.java:138)\r\n\tat org.openqa.selenium.remote.codec.w3c.W3CHttpResponseCodec.decode(W3CHttpResponseCodec.java:50)\r\n\tat org.openqa.selenium.remote.HttpCommandExecutor.execute(HttpCommandExecutor.java:190)\r\n\tat org.openqa.selenium.remote.service.DriverCommandExecutor.invokeExecute(DriverCommandExecutor.java:216)\r\n\tat org.openqa.selenium.remote.service.DriverCommandExecutor.execute(DriverCommandExecutor.java:174)\r\n\tat org.openqa.selenium.remote.RemoteWebDriver.execute(RemoteWebDriver.java:545)\r\n\tat org.openqa.selenium.remote.RemoteWebElement.execute(RemoteWebElement.java:223)\r\n\tat org.openqa.selenium.remote.RemoteWebElement.click(RemoteWebElement.java:76)\r\n\tat com.urbanladder.Pages.ProductDetailPage.findAndClickProduct(ProductDetailPage.java:35)\r\n\tat com.urbanladder.StepDefinition.ProductDetailStepDef.i_find_and_click_on(ProductDetailStepDef.java:28)\r\n\tat ✽.I find and click on \"Esquel Sofa\"(file:///C:/Users/user/eclipse-workspace/com.UrbanLadder/src/test/resources/features/productDetails.feature:63)\r\n"},"stage":"finished","steps":[{"name":"When I find and click on \"Esquel Sofa\"","status":"broken","statusDetails":{"known":false,"muted":false,"flaky":false,"message":"stale element reference: stale element not found in the current frame\n  (Session info: chrome=134.0.6998.89)\nFor documentation on this error, please visit: https://www.selenium.dev/documentation/webdriver/troubleshooting/errors#stale-element-reference-exception\nBuild info: version: '4.27.0', revision: 'd6e718d134'\nSystem info: os.name: 'Windows 11', os.arch: 'amd64', os.version: '10.0', java.version: '23.0.1'\nDriver info: org.openqa.selenium.chrome.ChromeDriver\nCommand: [4eb5945c6a4b11b3876be3e5ec2847f2, clickElement {id=f.163A07B74F217DB89CFF45853427D43A.d.2E5DCE7AC7321208792CB0ACACD1C231.e.139}]\nCapabilities {acceptInsecureCerts: false, browserName: chrome, browserVersion: 134.0.6998.89, chrome: {chromedriverVersion: 134.0.6998.88 (7e3d5c978c6d..., userDataDir: C:\\Users\\user\\AppData\\Local...}, fedcm:accounts: true, goog:chromeOptions: {debuggerAddress: localhost:51977}, networkConnectionEnabled: false, pageLoadStrategy: normal, platformName: windows, proxy: Proxy(), se:cdp: ws://localhost:51977/devtoo..., se:cdpVersion: 134.0.6998.89, setWindowRect: true, strictFileInteractability: false, timeouts: {implicit: 0, pageLoad: 300000, script: 30000}, unhandledPromptBehavior: dismiss and notify, webauthn:extension:credBlob: true, webauthn:extension:largeBlob: true, webauthn:extension:minPinLength: true, webauthn:extension:prf: true, webauthn:virtualAuthenticators: true}\nElement: [[ChromeDriver: chrome on windows (4eb5945c6a4b11b3876be3e5ec2847f2)] -> xpath: //div[contains(@class, 'product-title')]//span[@class='name' and contains(text(), 'Esquel Sofa')]/following-sibling::span[contains(text(), '(Ochre)')]]\nSession ID: 4eb5945c6a4b11b3876be3e5ec2847f2","trace":"org.openqa.selenium.StaleElementReferenceException: stale element reference: stale element not found in the current frame\n  (Session info: chrome=134.0.6998.89)\nFor documentation on this error, please visit: https://www.selenium.dev/documentation/webdriver/troubleshooting/errors#stale-element-reference-exception\nBuild info: version: '4.27.0', revision: 'd6e718d134'\nSystem info: os.name: 'Windows 11', os.arch: 'amd64', os.version: '10.0', java.version: '23.0.1'\nDriver info: org.openqa.selenium.chrome.ChromeDriver\nCommand: [4eb5945c6a4b11b3876be3e5ec2847f2, clickElement {id=f.163A07B74F217DB89CFF45853427D43A.d.2E5DCE7AC7321208792CB0ACACD1C231.e.139}]\nCapabilities {acceptInsecureCerts: false, browserName: chrome, browserVersion: 134.0.6998.89, chrome: {chromedriverVersion: 134.0.6998.88 (7e3d5c978c6d..., userDataDir: C:\\Users\\user\\AppData\\Local...}, fedcm:accounts: true, goog:chromeOptions: {debuggerAddress: localhost:51977}, networkConnectionEnabled: false, pageLoadStrategy: normal, platformName: windows, proxy: Proxy(), se:cdp: ws://localhost:51977/devtoo..., se:cdpVersion: 134.0.6998.89, setWindowRect: true, strictFileInteractability: false, timeouts: {implicit: 0, pageLoad: 300000, script: 30000}, unhandledPromptBehavior: dismiss and notify, webauthn:extension:credBlob: true, webauthn:extension:largeBlob: true, webauthn:extension:minPinLength: true, webauthn:extension:prf: true, webauthn:virtualAuthenticators: true}\nElement: [[ChromeDriver: chrome on windows (4eb5945c6a4b11b3876be3e5ec2847f2)] -> xpath: //div[contains(@class, 'product-title')]//span[@class='name' and contains(text(), 'Esquel Sofa')]/following-sibling::span[contains(text(), '(Ochre)')]]\nSession ID: 4eb5945c6a4b11b3876be3e5ec2847f2\r\n\tat java.base/jdk.internal.reflect.DirectConstructorHandleAccessor.newInstance(DirectConstructorHandleAccessor.java:62)\r\n\tat java.base/java.lang.reflect.Constructor.newInstanceWithCaller(Constructor.java:501)\r\n\tat java.base/java.lang.reflect.Constructor.newInstance(Constructor.java:485)\r\n\tat org.openqa.selenium.remote.ErrorCodec.decode(ErrorCodec.java:167)\r\n\tat org.openqa.selenium.remote.codec.w3c.W3CHttpResponseCodec.decode(W3CHttpResponseCodec.java:138)\r\n\tat org.openqa.selenium.remote.codec.w3c.W3CHttpResponseCodec.decode(W3CHttpResponseCodec.java:50)\r\n\tat org.openqa.selenium.remote.HttpCommandExecutor.execute(HttpCommandExecutor.java:190)\r\n\tat org.openqa.selenium.remote.service.DriverCommandExecutor.invokeExecute(DriverCommandExecutor.java:216)\r\n\tat org.openqa.selenium.remote.service.DriverCommandExecutor.execute(DriverCommandExecutor.java:174)\r\n\tat org.openqa.selenium.remote.RemoteWebDriver.execute(RemoteWebDriver.java:545)\r\n\tat org.openqa.selenium.remote.RemoteWebElement.execute(RemoteWebElement.java:223)\r\n\tat org.openqa.selenium.remote.RemoteWebElement.click(RemoteWebElement.java:76)\r\n\tat com.urbanladder.Pages.ProductDetailPage.findAndClickProduct(ProductDetailPage.java:35)\r\n\tat com.urbanladder.StepDefinition.ProductDetailStepDef.i_find_and_click_on(ProductDetailStepDef.java:28)\r\n\tat ✽.I find and click on \"Esquel Sofa\"(file:///C:/Users/user/eclipse-workspace/com.UrbanLadder/src/test/resources/features/productDetails.feature:63)\r\n"},"stage":"finished","steps":[],"attachments":[],"parameters":[],"start":1742190772853,"stop":1742190773517},{"name":"Then I validate the product title","status":"skipped","statusDetails":{"known":false,"muted":false,"flaky":false},"stage":"finished","steps":[],"attachments":[],"parameters":[],"start":1742190773520,"stop":1742190773522},{"name":"And I check if \"Esquel Sofa\" is sold out","status":"skipped","statusDetails":{"known":false,"muted":false,"flaky":false},"stage":"finished","steps":[],"attachments":[],"parameters":[],"start":1742190773522,"stop":1742190773522},{"name":"Then I validate the product description","status":"skipped","statusDetails":{"known":false,"muted":false,"flaky":false},"stage":"finished","steps":[],"attachments":[],"parameters":[],"start":1742190773522,"stop":1742190773522},{"name":"And I validate the product price","status":"skipped","statusDetails":{"known":false,"muted":false,"flaky":false},"stage":"finished","steps":[],"attachments":[],"parameters":[],"start":1742190773525,"stop":1742190773525},{"name":"When I click on the wishlist icon","status":"skipped","statusDetails":{"known":false,"muted":false,"flaky":false},"stage":"finished","steps":[],"attachments":[],"parameters":[],"start":1742190773525,"stop":1742190773525},{"name":"And I navigate to the wishlist page","status":"skipped","statusDetails":{"known":false,"muted":false,"flaky":false},"stage":"finished","steps":[],"attachments":[],"parameters":[],"start":1742190773525,"stop":1742190773532},{"name":"Then I validate that \"Esquel Sofa\" is added to the wishlist","status":"skipped","statusDetails":{"known":false,"muted":false,"flaky":false},"stage":"finished","steps":[],"attachments":[],"parameters":[],"start":1742190773532,"stop":1742190773532},{"name":"And I click on the product from the wishlist","status":"skipped","statusDetails":{"known":false,"muted":false,"flaky":false},"stage":"finished","steps":[],"attachments":[],"parameters":[],"start":1742190773532,"stop":1742190773534},{"name":"When I click on the \"Add to Cart\" button","status":"skipped","statusDetails":{"known":false,"muted":false,"flaky":false},"stage":"finished","steps":[],"attachments":[],"parameters":[],"start":1742190773534,"stop":1742190773534},{"name":"Then I validate that \"Esquel Sofa\" is added to the cart","status":"skipped","statusDetails":{"known":false,"muted":false,"flaky":false},"stage":"finished","steps":[],"attachments":[],"parameters":[],"start":1742190773534,"stop":1742190773534}],"attachments":[],"parameters":[],"start":1742190772843,"stop":1742190774389}